  [1m[35m (14.9ms)[0m  [1m[34mSELECT sqlite_version(*)[0m
  [1m[35m (6.2ms)[0m  [1m[35mCREATE TABLE "schema_migrations" ("version" varchar NOT NULL PRIMARY KEY)[0m
  [1m[35m (8.3ms)[0m  [1m[35mCREATE TABLE "ar_internal_metadata" ("key" varchar NOT NULL PRIMARY KEY, "value" varchar, "created_at" datetime(6) NOT NULL, "updated_at" datetime(6) NOT NULL)[0m
  [1m[35m (0.2ms)[0m  [1m[34mSELECT "schema_migrations"."version" FROM "schema_migrations" ORDER BY "schema_migrations"."version" ASC[0m
Migrating to CreateUsers (20210916032236)
  [1m[36mTRANSACTION (0.0ms)[0m  [1m[36mbegin transaction[0m
  [1m[35m (0.9ms)[0m  [1m[35mCREATE TABLE "users" ("id" integer PRIMARY KEY AUTOINCREMENT NOT NULL, "username" varchar, "email" varchar, "password_digest" varchar, "created_at" datetime(6) NOT NULL, "updated_at" datetime(6) NOT NULL)[0m
  [1m[36mActiveRecord::SchemaMigration Create (0.2ms)[0m  [1m[32mINSERT INTO "schema_migrations" ("version") VALUES (?)[0m  [["version", "20210916032236"]]
  [1m[36mTRANSACTION (5.9ms)[0m  [1m[36mcommit transaction[0m
  [1m[36mActiveRecord::InternalMetadata Load (0.2ms)[0m  [1m[34mSELECT "ar_internal_metadata".* FROM "ar_internal_metadata" WHERE "ar_internal_metadata"."key" = ? LIMIT ?[0m  [["key", "environment"], ["LIMIT", 1]]
  [1m[36mTRANSACTION (0.1ms)[0m  [1m[36mbegin transaction[0m
  [1m[36mActiveRecord::InternalMetadata Create (1.6ms)[0m  [1m[32mINSERT INTO "ar_internal_metadata" ("key", "value", "created_at", "updated_at") VALUES (?, ?, ?, ?)[0m  [["key", "environment"], ["value", "development"], ["created_at", "2021-09-16 03:36:19.145880"], ["updated_at", "2021-09-16 03:36:19.145880"]]
  [1m[36mTRANSACTION (7.1ms)[0m  [1m[36mcommit transaction[0m
  [1m[35m (0.0ms)[0m  [1m[34mSELECT sqlite_version(*)[0m
  [1m[35m (0.1ms)[0m  [1m[34mSELECT "schema_migrations"."version" FROM "schema_migrations" ORDER BY "schema_migrations"."version" ASC[0m
  [1m[35m (0.7ms)[0m  [1m[34mSELECT sqlite_version(*)[0m
  [1m[36mTRANSACTION (0.1ms)[0m  [1m[36mbegin transaction[0m
  [1m[36mUser Exists? (0.3ms)[0m  [1m[34mSELECT 1 AS one FROM "users" WHERE "users"."email" = ? LIMIT ?[0m  [["email", "z@dev.com"], ["LIMIT", 1]]
  [1m[36mUser Create (5.8ms)[0m  [1m[32mINSERT INTO "users" ("email", "password_digest", "created_at", "updated_at") VALUES (?, ?, ?, ?)[0m  [["email", "z@dev.com"], ["password_digest", "$2a$12$FPM9jUelHpRNXwCBulhKaeex2bHjf64LwrdpqITHIPB2CNhW4ZCUa"], ["created_at", "2021-09-16 03:38:36.930128"], ["updated_at", "2021-09-16 03:38:36.930128"]]
  [1m[36mTRANSACTION (5.6ms)[0m  [1m[36mcommit transaction[0m
  [1m[35m (8.8ms)[0m  [1m[34mSELECT sqlite_version(*)[0m
  [1m[36mUser Load (0.3ms)[0m  [1m[34mSELECT "users".* FROM "users" /* loading for inspect */ LIMIT ?[0m  [["LIMIT", 11]]
  [1m[36mUser Load (0.5ms)[0m  [1m[34mSELECT "users".* FROM "users" /* loading for inspect */ LIMIT ?[0m  [["LIMIT", 11]]
Started GET "/" for 127.0.0.1 at 2021-09-16 06:53:30 -0500
  [1m[35m (11.3ms)[0m  [1m[34mSELECT sqlite_version(*)[0m
  [1m[35m (0.6ms)[0m  [1m[34mSELECT "schema_migrations"."version" FROM "schema_migrations" ORDER BY "schema_migrations"."version" ASC[0m
Processing by Rails::WelcomeController#index as HTML
  Rendering /home/jss/.rvm/gems/ruby-2.6.1/gems/railties-6.1.4.1/lib/rails/templates/rails/welcome/index.html.erb
  Rendered /home/jss/.rvm/gems/ruby-2.6.1/gems/railties-6.1.4.1/lib/rails/templates/rails/welcome/index.html.erb (Duration: 45.7ms | Allocations: 517)
Completed 200 OK in 195ms (Views: 93.5ms | ActiveRecord: 0.0ms | Allocations: 4323)


Started GET "/" for 127.0.0.1 at 2021-09-16 06:54:43 -0500
  
ArgumentError (must be called with a path and/or options):
  
config/routes.rb:2:in `block in <main>'
config/routes.rb:1:in `<main>'
Started GET "/" for 127.0.0.1 at 2021-09-16 06:54:57 -0500
Processing by Rails::WelcomeController#index as HTML
  Rendering /home/jss/.rvm/gems/ruby-2.6.1/gems/railties-6.1.4.1/lib/rails/templates/rails/welcome/index.html.erb
  Rendered /home/jss/.rvm/gems/ruby-2.6.1/gems/railties-6.1.4.1/lib/rails/templates/rails/welcome/index.html.erb (Duration: 8.0ms | Allocations: 229)
Completed 200 OK in 12ms (Views: 10.8ms | Allocations: 964)


Started GET "/new" for 127.0.0.1 at 2021-09-16 06:55:00 -0500
  
ActionController::RoutingError (No route matches [GET] "/new"):
  
Started GET "/users/new" for 127.0.0.1 at 2021-09-16 06:55:11 -0500
Processing by UsersController#new as HTML
  Rendering layout layouts/application.html.erb
  Rendering users/new.erb within layouts/application
  Rendered users/new.erb within layouts/application (Duration: 14.2ms | Allocations: 1604)
  Rendered layout layouts/application.html.erb (Duration: 15.8ms | Allocations: 1675)
Completed 500 Internal Server Error in 21ms (Allocations: 2676)


  
ActionView::Template::Error (Missing partial partials/_error_messages with {:locale=>[:en], :formats=>[:html], :variants=>[], :handlers=>[:raw, :erb, :html, :builder, :ruby, :jbuilder]}. Searched in:
  * "/mnt/c/Users/donov/Shopify/TravelPhotoRepo/app/views"
  * "/home/jss/.rvm/gems/ruby-2.6.1/gems/actiontext-6.1.4.1/app/views"
  * "/home/jss/.rvm/gems/ruby-2.6.1/gems/actionmailbox-6.1.4.1/app/views"
):
    1: <h1> Signup </h1>
    2: 
    3: <%= render partial: "partials/error_messages", locals: { object: @user } %>
    4: 
    5: <%= form_for @user, url:'/signup' do |f| %>
    6:    <%= f.label :username %>
  
app/views/users/new.erb:3
Started GET "/users/new" for 127.0.0.1 at 2021-09-16 06:55:26 -0500
Processing by UsersController#new as HTML
  Rendering layout layouts/application.html.erb
  Rendering users/new.erb within layouts/application
  Rendered users/new.erb within layouts/application (Duration: 6.4ms | Allocations: 1199)
  Rendered layout layouts/application.html.erb (Duration: 8.1ms | Allocations: 1269)
Completed 500 Internal Server Error in 12ms (Allocations: 2228)


  
ActionView::Template::Error (First argument in form cannot contain nil or be empty):
    1: <h1> Signup </h1>
    2: 
    3: 
    4: <%= form_for @user, url:'/signup' do |f| %>
    5:    <%= f.label :username %>
    6:    <%= f.text_field :username %> <br>
    7: 
  
app/views/users/new.erb:4
Started GET "/users/new" for 127.0.0.1 at 2021-09-16 06:57:27 -0500
Processing by UsersController#new as HTML
  Rendering layout layouts/application.html.erb
  Rendering users/new.erb within layouts/application
  Rendered users/new.erb within layouts/application (Duration: 29.0ms | Allocations: 3483)
[Webpacker] Compiling...
[Webpacker] Compiled all packs in /mnt/c/Users/donov/Shopify/TravelPhotoRepo/public/packs
[Webpacker] Hash: e2a8a876c5815bee1e21
Version: webpack 4.46.0
Time: 2641ms
Built at: 09/16/2021 6:57:33 AM
                                     Asset       Size       Chunks                         Chunk Names
    js/application-e421b4aa3f716bebdab1.js    125 KiB  application  [emitted] [immutable]  application
js/application-e421b4aa3f716bebdab1.js.map    139 KiB  application  [emitted] [dev]        application
                             manifest.json  364 bytes               [emitted]              
Entrypoint application = js/application-e421b4aa3f716bebdab1.js js/application-e421b4aa3f716bebdab1.js.map
[./app/javascript/channels sync recursive _channel\.js$] ./app/javascript/channels sync _channel\.js$ 160 bytes {application} [built]
[./app/javascript/channels/index.js] 211 bytes {application} [built]
[./app/javascript/packs/application.js] 492 bytes {application} [built]
[./node_modules/webpack/buildin/module.js] (webpack)/buildin/module.js 552 bytes {application} [built]
    + 3 hidden modules

  Rendered layout layouts/application.html.erb (Duration: 6157.9ms | Allocations: 26121)
Completed 200 OK in 6162ms (Views: 6161.3ms | Allocations: 27102)


Started GET "/users/new" for 127.0.0.1 at 2021-09-16 07:06:26 -0500
Processing by UsersController#new as HTML
  Rendering layout layouts/application.html.erb
  Rendering users/new.erb within layouts/application
  Rendered users/new.erb within layouts/application (Duration: 17.3ms | Allocations: 1333)
[Webpacker] Everything's up-to-date. Nothing to do
  Rendered layout layouts/application.html.erb (Duration: 37.8ms | Allocations: 4490)
Completed 200 OK in 45ms (Views: 42.7ms | Allocations: 5526)


Started GET "/users/new" for 127.0.0.1 at 2021-09-16 07:16:04 -0500
Processing by UsersController#new as HTML
  Rendering layout layouts/application.html.erb
  Rendering users/new.erb within layouts/application
  Rendered users/new.erb within layouts/application (Duration: 18.9ms | Allocations: 1172)
  Rendered layout layouts/application.html.erb (Duration: 20.6ms | Allocations: 1243)
Completed 500 Internal Server Error in 25ms (Allocations: 2250)


  
ActionView::SyntaxErrorInTemplate (Encountered a syntax error while rendering template: check <h1> Signup </h1>


<%= form_with url: sessions_path do |f| %>
    <%= "Email" f.text_field :email %><br>
    <%= f.password_field :password %><br>
    <%= link_to "Sign Up", new_user_path %>
    <%= f.submit "Already have an account? Sign In!" %>
  <% end %>
):
1:    <h1> Signup </h1>
2:    
3:    
4:    <%= form_with url: sessions_path do |f| %>
5:        <%= "Email" f.text_field :email %><br>
6:        <%= f.password_field :password %><br>
7:        <%= link_to "Sign Up", new_user_path %>
8:        <%= f.submit "Already have an account? Sign In!" %>
9:      <% end %>
  
app/views/users/new.erb:5: syntax error, unexpected tIDENTIFIER, expecting ')'
app/views/users/new.erb:5: syntax error, unexpected tIDENTIFIER, expecting ')'
app/views/users/new.erb:5: syntax error, unexpected tIDENTIFIER, expecting ')'
app/views/users/new.erb:5: syntax error, unexpected tIDENTIFIER, expecting ')'
app/views/users/new.erb:5: syntax error, unexpected tIDENTIFIER, expecting ')'
app/views/users/new.erb:5: syntax error, unexpected tIDENTIFIER, expecting ')'
Started GET "/users/new" for 127.0.0.1 at 2021-09-16 07:16:27 -0500
Processing by UsersController#new as HTML
  Rendering layout layouts/application.html.erb
  Rendering users/new.erb within layouts/application
  Rendered users/new.erb within layouts/application (Duration: 2.5ms | Allocations: 1332)
[Webpacker] Everything's up-to-date. Nothing to do
  Rendered layout layouts/application.html.erb (Duration: 23.1ms | Allocations: 4493)
Completed 200 OK in 29ms (Views: 27.9ms | Allocations: 5528)


Started POST "/sessions" for 127.0.0.1 at 2021-09-16 07:16:32 -0500
Processing by SessionsController#create as HTML
  Parameters: {"authenticity_token"=>"[FILTERED]", "email"=>"donovanajessie@gmail.com", "password"=>"[FILTERED]", "commit"=>"Already have an account? Sign In!"}
  [1m[35m (0.1ms)[0m  [1m[34mSELECT sqlite_version(*)[0m
  ↳ app/controllers/sessions_controller.rb:3:in `create'
  [1m[36mUser Load (0.3ms)[0m  [1m[34mSELECT "users".* FROM "users" WHERE "users"."email" = ? LIMIT ?[0m  [["email", "donovanajessie@gmail.com"], ["LIMIT", 1]]
  ↳ app/controllers/sessions_controller.rb:3:in `create'
Redirected to http://127.0.0.1:3000/signin
Completed 302 Found in 30ms (ActiveRecord: 1.5ms | Allocations: 3149)


Started GET "/signin" for 127.0.0.1 at 2021-09-16 07:16:33 -0500
  
ActionController::RoutingError (No route matches [GET] "/signin"):
  
Started GET "/users/new" for 127.0.0.1 at 2021-09-16 07:16:37 -0500
Processing by UsersController#new as HTML
  Rendering layout layouts/application.html.erb
  Rendering users/new.erb within layouts/application
  Rendered users/new.erb within layouts/application (Duration: 1.6ms | Allocations: 1140)
[Webpacker] Everything's up-to-date. Nothing to do
  Rendered layout layouts/application.html.erb (Duration: 25.9ms | Allocations: 4104)
Completed 200 OK in 29ms (Views: 28.3ms | ActiveRecord: 0.0ms | Allocations: 4482)


Started GET "/users/new" for 127.0.0.1 at 2021-09-16 07:16:40 -0500
Processing by UsersController#new as HTML
  Rendering layout layouts/application.html.erb
  Rendering users/new.erb within layouts/application
  Rendered users/new.erb within layouts/application (Duration: 0.6ms | Allocations: 1135)
[Webpacker] Everything's up-to-date. Nothing to do
  Rendered layout layouts/application.html.erb (Duration: 15.0ms | Allocations: 4098)
Completed 200 OK in 17ms (Views: 16.8ms | ActiveRecord: 0.0ms | Allocations: 4474)


Started GET "/users/new" for 127.0.0.1 at 2021-09-16 07:17:06 -0500
Processing by UsersController#new as HTML
  Rendering layout layouts/application.html.erb
  Rendering users/new.erb within layouts/application
  Rendered users/new.erb within layouts/application (Duration: 29.1ms | Allocations: 1970)
[Webpacker] Everything's up-to-date. Nothing to do
  Rendered layout layouts/application.html.erb (Duration: 51.5ms | Allocations: 6850)
Completed 200 OK in 73ms (Views: 71.8ms | ActiveRecord: 0.0ms | Allocations: 10610)


Started GET "/users/new" for 127.0.0.1 at 2021-09-16 07:18:25 -0500
Processing by UsersController#new as HTML
  Rendering layout layouts/application.html.erb
  Rendering users/new.erb within layouts/application
  Rendered users/new.erb within layouts/application (Duration: 2.5ms | Allocations: 1755)
[Webpacker] Everything's up-to-date. Nothing to do
  Rendered layout layouts/application.html.erb (Duration: 25.1ms | Allocations: 4907)
Completed 200 OK in 31ms (Views: 29.3ms | ActiveRecord: 0.0ms | Allocations: 5934)


Started GET "/users/show" for 127.0.0.1 at 2021-09-16 07:18:28 -0500
Processing by UsersController#show as HTML
  Parameters: {"id"=>"show"}
  Rendering layout layouts/application.html.erb
  Rendering users/show.erb within layouts/application
  Rendered users/show.erb within layouts/application (Duration: 7.3ms | Allocations: 1439)
  Rendered layout layouts/application.html.erb (Duration: 8.5ms | Allocations: 1509)
Completed 500 Internal Server Error in 12ms (ActiveRecord: 0.0ms | Allocations: 1963)


  
ActionView::Template::Error (undefined method `username' for nil:NilClass):
    1: <h1> <%= @user.username %> </h1>
  
app/views/users/show.erb:1
Started GET "/users/new" for 127.0.0.1 at 2021-09-16 07:18:34 -0500
Processing by UsersController#new as HTML
  Rendering layout layouts/application.html.erb
  Rendering users/new.erb within layouts/application
  Rendered users/new.erb within layouts/application (Duration: 1.0ms | Allocations: 1554)
[Webpacker] Everything's up-to-date. Nothing to do
  Rendered layout layouts/application.html.erb (Duration: 22.4ms | Allocations: 4519)
Completed 200 OK in 25ms (Views: 24.6ms | ActiveRecord: 0.0ms | Allocations: 4894)


Started GET "/users/new" for 127.0.0.1 at 2021-09-16 07:18:40 -0500
Processing by UsersController#new as HTML
  Rendering layout layouts/application.html.erb
  Rendering users/new.erb within layouts/application
  Rendered users/new.erb within layouts/application (Duration: 0.7ms | Allocations: 1545)
[Webpacker] Everything's up-to-date. Nothing to do
  Rendered layout layouts/application.html.erb (Duration: 16.9ms | Allocations: 4515)
Completed 200 OK in 19ms (Views: 18.7ms | ActiveRecord: 0.0ms | Allocations: 4891)


Started GET "/users/new" for 127.0.0.1 at 2021-09-16 07:22:48 -0500
Processing by UsersController#new as HTML
  Rendering layout layouts/application.html.erb
  Rendering users/new.erb within layouts/application
  Rendered users/new.erb within layouts/application (Duration: 0.9ms | Allocations: 1535)
[Webpacker] Everything's up-to-date. Nothing to do
  Rendered layout layouts/application.html.erb (Duration: 16.9ms | Allocations: 4506)
Completed 200 OK in 21ms (Views: 19.8ms | Allocations: 5028)


Started POST "/sessions" for 127.0.0.1 at 2021-09-16 07:22:51 -0500
Processing by SessionsController#create as HTML
  Parameters: {"authenticity_token"=>"[FILTERED]", "email"=>"", "username"=>"", "password"=>"[FILTERED]", "commit"=>"Already have an account? Sign In!"}
  [1m[35m (0.1ms)[0m  [1m[34mSELECT sqlite_version(*)[0m
  ↳ app/controllers/sessions_controller.rb:3:in `create'
  [1m[36mUser Load (0.5ms)[0m  [1m[34mSELECT "users".* FROM "users" WHERE "users"."email" = ? LIMIT ?[0m  [["email", ""], ["LIMIT", 1]]
  ↳ app/controllers/sessions_controller.rb:3:in `create'
Redirected to http://127.0.0.1:3000/signin
Completed 302 Found in 15ms (ActiveRecord: 0.8ms | Allocations: 2353)


Started GET "/signin" for 127.0.0.1 at 2021-09-16 07:22:51 -0500
  
ActionController::RoutingError (No route matches [GET] "/signin"):
  
Started GET "/users/new" for 127.0.0.1 at 2021-09-16 07:22:55 -0500
Processing by UsersController#new as HTML
  Rendering layout layouts/application.html.erb
  Rendering users/new.erb within layouts/application
  Rendered users/new.erb within layouts/application (Duration: 1.7ms | Allocations: 1545)
[Webpacker] Everything's up-to-date. Nothing to do
  Rendered layout layouts/application.html.erb (Duration: 21.0ms | Allocations: 4508)
Completed 200 OK in 25ms (Views: 23.7ms | ActiveRecord: 0.0ms | Allocations: 4882)


Started GET "/users/new" for 127.0.0.1 at 2021-09-16 07:23:07 -0500
Processing by UsersController#new as HTML
  Rendering layout layouts/application.html.erb
  Rendering users/new.erb within layouts/application
  Rendered users/new.erb within layouts/application (Duration: 1.0ms | Allocations: 1546)
[Webpacker] Everything's up-to-date. Nothing to do
  Rendered layout layouts/application.html.erb (Duration: 15.7ms | Allocations: 4511)
Completed 200 OK in 18ms (Views: 17.6ms | ActiveRecord: 0.0ms | Allocations: 4888)


Started GET "/users/new" for 127.0.0.1 at 2021-09-16 07:23:29 -0500
Processing by UsersController#new as HTML
  Rendering layout layouts/application.html.erb
  Rendering users/new.erb within layouts/application
  Rendered users/new.erb within layouts/application (Duration: 1.4ms | Allocations: 1545)
[Webpacker] Everything's up-to-date. Nothing to do
  Rendered layout layouts/application.html.erb (Duration: 18.4ms | Allocations: 4508)
Completed 200 OK in 25ms (Views: 23.6ms | ActiveRecord: 0.0ms | Allocations: 4884)


Started GET "/users/new" for 127.0.0.1 at 2021-09-16 07:28:21 -0500
Processing by UsersController#new as HTML
  Rendering layout layouts/application.html.erb
  Rendering users/new.erb within layouts/application
  Rendered users/new.erb within layouts/application (Duration: 18.8ms | Allocations: 1753)
[Webpacker] Everything's up-to-date. Nothing to do
  Rendered layout layouts/application.html.erb (Duration: 44.3ms | Allocations: 4910)
Completed 200 OK in 55ms (Views: 50.9ms | ActiveRecord: 0.0ms | Allocations: 5943)


Started POST "/sessions" for 127.0.0.1 at 2021-09-16 07:28:26 -0500
Processing by SessionsController#create as HTML
  Parameters: {"authenticity_token"=>"[FILTERED]", "email"=>"jssdnvn@gmail.com", "username"=>"lkj", "password"=>"[FILTERED]", "commit"=>"Create Account!"}
  [1m[36mUser Load (0.3ms)[0m  [1m[34mSELECT "users".* FROM "users" WHERE "users"."email" = ? LIMIT ?[0m  [["email", "jssdnvn@gmail.com"], ["LIMIT", 1]]
  ↳ app/controllers/sessions_controller.rb:3:in `create'
Redirected to http://127.0.0.1:3000/signin
Completed 302 Found in 7ms (ActiveRecord: 0.3ms | Allocations: 811)


Started GET "/signin" for 127.0.0.1 at 2021-09-16 07:28:26 -0500
  
ActionController::RoutingError (No route matches [GET] "/signin"):
  
Started GET "/signin" for 127.0.0.1 at 2021-09-16 07:30:55 -0500
  
ActionController::RoutingError (No route matches [GET] "/signin"):
  
Started GET "/signin" for 127.0.0.1 at 2021-09-16 07:30:56 -0500
  
ActionController::RoutingError (No route matches [GET] "/signin"):
  
Started GET "/users/new" for 127.0.0.1 at 2021-09-16 07:31:05 -0500
Processing by UsersController#new as HTML
  [1m[35m (0.1ms)[0m  [1m[34mSELECT sqlite_version(*)[0m
  ↳ app/controllers/users_controller.rb:3:in `new'
  Rendering layout layouts/application.html.erb
  Rendering users/new.erb within layouts/application
  Rendered users/new.erb within layouts/application (Duration: 1.0ms | Allocations: 1572)
[Webpacker] Everything's up-to-date. Nothing to do
  Rendered layout layouts/application.html.erb (Duration: 18.3ms | Allocations: 4544)
Completed 200 OK in 35ms (Views: 20.8ms | ActiveRecord: 1.6ms | Allocations: 10089)


Started POST "/sessions" for 127.0.0.1 at 2021-09-16 07:31:10 -0500
Processing by SessionsController#create as HTML
  Parameters: {"authenticity_token"=>"[FILTERED]", "email"=>";lkj", "username"=>"kh", "password"=>"[FILTERED]", "commit"=>"Create Account!"}
  [1m[36mUser Load (0.6ms)[0m  [1m[34mSELECT "users".* FROM "users" WHERE "users"."email" = ? LIMIT ?[0m  [["email", ";lkj"], ["LIMIT", 1]]
  ↳ app/controllers/sessions_controller.rb:3:in `create'
Redirected to http://127.0.0.1:3000/signin
Completed 302 Found in 7ms (ActiveRecord: 0.6ms | Allocations: 984)


Started GET "/signin" for 127.0.0.1 at 2021-09-16 07:31:10 -0500
  
ActionController::RoutingError (No route matches [GET] "/signin"):
  
Started GET "/users/new" for 127.0.0.1 at 2021-09-16 07:32:05 -0500
Processing by UsersController#new as HTML
  [1m[35m (0.1ms)[0m  [1m[34mSELECT sqlite_version(*)[0m
  ↳ app/controllers/users_controller.rb:3:in `new'
  Rendering layout layouts/application.html.erb
  Rendering users/new.erb within layouts/application
  Rendered users/new.erb within layouts/application (Duration: 7.8ms | Allocations: 1551)
[Webpacker] Everything's up-to-date. Nothing to do
  Rendered layout layouts/application.html.erb (Duration: 23.7ms | Allocations: 4523)
Completed 200 OK in 38ms (Views: 26.1ms | ActiveRecord: 1.6ms | Allocations: 9421)


Started POST "/sessions" for 127.0.0.1 at 2021-09-16 07:32:08 -0500
Processing by SessionsController#create as HTML
  Parameters: {"authenticity_token"=>"[FILTERED]", "email"=>";lk", "username"=>";lk", "password"=>"[FILTERED]", "commit"=>"Create Account!"}
  [1m[36mUser Load (0.8ms)[0m  [1m[34mSELECT "users".* FROM "users" WHERE "users"."email" = ? LIMIT ?[0m  [["email", ";lk"], ["LIMIT", 1]]
  ↳ app/controllers/sessions_controller.rb:3:in `create'
Redirected to http://127.0.0.1:3000/signin
Completed 302 Found in 9ms (ActiveRecord: 0.8ms | Allocations: 985)


Started GET "/signin" for 127.0.0.1 at 2021-09-16 07:32:08 -0500
  
ActionController::RoutingError (No route matches [GET] "/signin"):
  
Started GET "/signin" for 127.0.0.1 at 2021-09-16 07:35:03 -0500
  
ActionController::RoutingError (No route matches [GET] "/signin"):
  
Started GET "/users/new" for 127.0.0.1 at 2021-09-16 07:35:37 -0500
Processing by UsersController#new as HTML
  [1m[35m (0.0ms)[0m  [1m[34mSELECT sqlite_version(*)[0m
  ↳ app/controllers/users_controller.rb:3:in `new'
  Rendering layout layouts/application.html.erb
  Rendering users/new.erb within layouts/application
  Rendered users/new.erb within layouts/application (Duration: 0.9ms | Allocations: 1551)
[Webpacker] Everything's up-to-date. Nothing to do
  Rendered layout layouts/application.html.erb (Duration: 16.7ms | Allocations: 4523)
Completed 200 OK in 32ms (Views: 19.0ms | ActiveRecord: 2.3ms | Allocations: 9406)


Started POST "/sessions" for 127.0.0.1 at 2021-09-16 07:35:40 -0500
Processing by SessionsController#create as HTML
  Parameters: {"authenticity_token"=>"[FILTERED]", "email"=>"lk", "username"=>";lk", "password"=>"[FILTERED]", "commit"=>"Create Account!"}
  [1m[36mUser Load (0.4ms)[0m  [1m[34mSELECT "users".* FROM "users" WHERE "users"."email" = ? LIMIT ?[0m  [["email", "lk"], ["LIMIT", 1]]
  ↳ app/controllers/sessions_controller.rb:3:in `create'
Redirected to http://127.0.0.1:3000/signin
Completed 302 Found in 9ms (ActiveRecord: 0.4ms | Allocations: 981)


Started GET "/signin" for 127.0.0.1 at 2021-09-16 07:35:40 -0500
Processing by UsersController#new as HTML
  Rendering layout layouts/application.html.erb
  Rendering users/new.erb within layouts/application
  Rendered users/new.erb within layouts/application (Duration: 4.3ms | Allocations: 1561)
[Webpacker] Everything's up-to-date. Nothing to do
  Rendered layout layouts/application.html.erb (Duration: 24.6ms | Allocations: 4545)
Completed 200 OK in 29ms (Views: 27.2ms | ActiveRecord: 0.0ms | Allocations: 4934)


  [1m[35m (0.7ms)[0m  [1m[34mSELECT sqlite_version(*)[0m
  [1m[36mUser Load (0.2ms)[0m  [1m[34mSELECT "users".* FROM "users" /* loading for inspect */ LIMIT ?[0m  [["LIMIT", 11]]
Started GET "/signin" for 127.0.0.1 at 2021-09-16 07:36:52 -0500
  
ActionController::RoutingError (No route matches [GET] "/signin"):
  
Started GET "/users/new" for 127.0.0.1 at 2021-09-16 07:36:54 -0500
Processing by UsersController#new as HTML
  [1m[35m (0.1ms)[0m  [1m[34mSELECT sqlite_version(*)[0m
  ↳ app/controllers/users_controller.rb:3:in `new'
  Rendering layout layouts/application.html.erb
  Rendering users/new.erb within layouts/application
  Rendered users/new.erb within layouts/application (Duration: 12.4ms | Allocations: 1242)
  Rendered layout layouts/application.html.erb (Duration: 13.7ms | Allocations: 1312)
Completed 500 Internal Server Error in 28ms (ActiveRecord: 1.5ms | Allocations: 6777)


  
ActionView::Template::Error (First argument in form cannot contain nil or be empty):
    1: <h1> Signup </h1>
    2: 
    3: 
    4: <%= form_for @designer, url:'/signup' do |f| %>
    5:     <%= f.label :username %>
    6:     <%= f.text_field :username %> <br>
    7:  
  
app/views/users/new.erb:4
Started GET "/users/new" for 127.0.0.1 at 2021-09-16 07:37:10 -0500
Processing by UsersController#new as HTML
  Rendering layout layouts/application.html.erb
  Rendering users/new.erb within layouts/application
  Rendered users/new.erb within layouts/application (Duration: 146.4ms | Allocations: 9124)
  Rendered layout layouts/application.html.erb (Duration: 148.9ms | Allocations: 9194)
Completed 500 Internal Server Error in 157ms (ActiveRecord: 0.0ms | Allocations: 10306)


  
ActionView::Template::Error (undefined local variable or method `new_session_path' for #<ActionView::Base:0x007f036d2479e0>
Did you mean?  new_user_path):
    12:     <%= f.password_field :password %> <br>
    13:  
    14:     <%= f.submit "Sumbit" %> <br>
    15:     <%= link_to "Already have an accout", new_session_path %> <br>
    16:  
    17:  <% end %>
  
app/views/users/new.erb:15
app/views/users/new.erb:4
Started GET "/users/new" for 127.0.0.1 at 2021-09-16 07:38:02 -0500
Processing by UsersController#new as HTML
  [1m[35m (0.0ms)[0m  [1m[34mSELECT sqlite_version(*)[0m
  ↳ app/controllers/users_controller.rb:3:in `new'
  Rendering layout layouts/application.html.erb
  Rendering users/new.erb within layouts/application
  Rendered users/new.erb within layouts/application (Duration: 15.9ms | Allocations: 5353)
  Rendered layout layouts/application.html.erb (Duration: 17.7ms | Allocations: 5423)
Completed 500 Internal Server Error in 33ms (ActiveRecord: 1.0ms | Allocations: 10888)


  
ActionView::Template::Error (undefined local variable or method `new_session_path' for #<ActionView::Base:0x007f036ce17988>
Did you mean?  new_user_path):
    12:     <%= f.password_field :password %> <br>
    13:  
    14:     <%= f.submit "Sumbit" %> <br>
    15:     <%= link_to "Already have an accout", new_session_path %> <br>
    16:  
    17:  <% end %>
  
app/views/users/new.erb:15
app/views/users/new.erb:4
Started GET "/users/new" for 127.0.0.1 at 2021-09-16 07:40:10 -0500
Processing by UsersController#new as HTML
  [1m[35m (0.0ms)[0m  [1m[34mSELECT sqlite_version(*)[0m
  ↳ app/controllers/users_controller.rb:3:in `new'
  Rendering layout layouts/application.html.erb
  Rendering users/new.erb within layouts/application
  Rendered users/new.erb within layouts/application (Duration: 24.6ms | Allocations: 4269)
  Rendered layout layouts/application.html.erb (Duration: 25.9ms | Allocations: 4339)
Completed 500 Internal Server Error in 65ms (ActiveRecord: 1.6ms | Allocations: 9820)


  
ActionView::Template::Error (undefined local variable or method `new_session_path' for #<ActionView::Base:0x007fffbf0ea738>
Did you mean?  new_user_path):
    11:     <%= f.password_field :password %> <br>
    12:  
    13:     <%= f.submit "Sumbit" %> <br>
    14:     <%= link_to "Already have an accout", new_session_path %> <br>
    15:  
    16:  <% end %>
  
app/views/users/new.erb:14
app/views/users/new.erb:3
Started GET "/users/new" for 127.0.0.1 at 2021-09-16 07:40:13 -0500
Processing by UsersController#new as HTML
  Rendering layout layouts/application.html.erb
  Rendering users/new.erb within layouts/application
  Rendered users/new.erb within layouts/application (Duration: 15.0ms | Allocations: 3971)
  Rendered layout layouts/application.html.erb (Duration: 17.2ms | Allocations: 4041)
Completed 500 Internal Server Error in 20ms (ActiveRecord: 0.0ms | Allocations: 4410)


  
ActionView::Template::Error (undefined local variable or method `new_session_path' for #<ActionView::Base:0x007fffbf555e30>
Did you mean?  new_user_path):
    11:     <%= f.password_field :password %> <br>
    12:  
    13:     <%= f.submit "Sumbit" %> <br>
    14:     <%= link_to "Already have an accout", new_session_path %> <br>
    15:  
    16:  <% end %>
  
app/views/users/new.erb:14
app/views/users/new.erb:3
Started GET "/users/new" for 127.0.0.1 at 2021-09-16 07:40:14 -0500
Processing by UsersController#new as HTML
  Rendering layout layouts/application.html.erb
  Rendering users/new.erb within layouts/application
  Rendered users/new.erb within layouts/application (Duration: 20.1ms | Allocations: 3971)
  Rendered layout layouts/application.html.erb (Duration: 21.9ms | Allocations: 4041)
Completed 500 Internal Server Error in 24ms (ActiveRecord: 0.0ms | Allocations: 4409)


  
ActionView::Template::Error (undefined local variable or method `new_session_path' for #<ActionView::Base:0x007fffbecfb988>
Did you mean?  new_user_path):
    11:     <%= f.password_field :password %> <br>
    12:  
    13:     <%= f.submit "Sumbit" %> <br>
    14:     <%= link_to "Already have an accout", new_session_path %> <br>
    15:  
    16:  <% end %>
  
app/views/users/new.erb:14
app/views/users/new.erb:3
Started GET "/users/new" for 127.0.0.1 at 2021-09-16 07:41:07 -0500
Processing by UsersController#new as HTML
  Rendering layout layouts/application.html.erb
  Rendering users/new.erb within layouts/application
  Rendered users/new.erb within layouts/application (Duration: 28.0ms | Allocations: 4294)
  Rendered layout layouts/application.html.erb (Duration: 30.4ms | Allocations: 4364)
Completed 500 Internal Server Error in 38ms (ActiveRecord: 0.0ms | Allocations: 5476)


  
ActionView::Template::Error (undefined local variable or method `new_session_path' for #<ActionView::Base:0x007fffbeec9620>
Did you mean?  new_user_path):
    15:  <% end %>
    16: 
    17: 
    18:  <%= link_to "Already have an accout", new_session_path %> <br>
    19:  
  
app/views/users/new.erb:18
Started GET "/users/new" for 127.0.0.1 at 2021-09-16 07:41:24 -0500
Processing by UsersController#new as HTML
  Rendering layout layouts/application.html.erb
  Rendering users/new.erb within layouts/application
  Rendered users/new.erb within layouts/application (Duration: 13.6ms | Allocations: 1013)
[Webpacker] Everything's up-to-date. Nothing to do
  Rendered layout layouts/application.html.erb (Duration: 30.3ms | Allocations: 4274)
Completed 200 OK in 35ms (Views: 33.7ms | ActiveRecord: 0.0ms | Allocations: 5408)


Started GET "/users/new" for 127.0.0.1 at 2021-09-16 07:41:27 -0500
Processing by UsersController#new as HTML
  Rendering layout layouts/application.html.erb
  Rendering users/new.erb within layouts/application
  Rendered users/new.erb within layouts/application (Duration: 2.5ms | Allocations: 746)
[Webpacker] Everything's up-to-date. Nothing to do
  Rendered layout layouts/application.html.erb (Duration: 17.3ms | Allocations: 3813)
Completed 200 OK in 20ms (Views: 19.0ms | ActiveRecord: 0.0ms | Allocations: 4205)


Started POST "/signup" for 127.0.0.1 at 2021-09-16 07:41:42 -0500
Processing by UsersController#create as HTML
  Parameters: {"authenticity_token"=>"[FILTERED]", "user"=>{"username"=>"lkj", "email"=>"lkj@gmail.com", "password"=>"[FILTERED]"}, "commit"=>"Sumbit"}
Completed 500 Internal Server Error in 7ms (ActiveRecord: 0.0ms | Allocations: 2599)


  
NameError (undefined local variable or method `user_params' for #<UsersController:0x007f03808b4068>
Did you mean?  user_path):
  
app/controllers/users_controller.rb:7:in `create'
Started POST "/signup" for 127.0.0.1 at 2021-09-16 07:43:10 -0500
Processing by UsersController#create as HTML
  Parameters: {"authenticity_token"=>"[FILTERED]", "user"=>{"username"=>"lkj", "email"=>"lkj@gmail.com", "password"=>"[FILTERED]"}, "commit"=>"Sumbit"}
  [1m[35m (0.0ms)[0m  [1m[34mSELECT sqlite_version(*)[0m
  ↳ app/controllers/users_controller.rb:7:in `create'
  [1m[36mTRANSACTION (0.1ms)[0m  [1m[36mbegin transaction[0m
  ↳ app/controllers/users_controller.rb:8:in `create'
  [1m[36mUser Exists? (0.4ms)[0m  [1m[34mSELECT 1 AS one FROM "users" WHERE "users"."email" = ? LIMIT ?[0m  [["email", "lkj@gmail.com"], ["LIMIT", 1]]
  ↳ app/controllers/users_controller.rb:8:in `create'
  [1m[36mUser Create (2.9ms)[0m  [1m[32mINSERT INTO "users" ("username", "email", "password_digest", "created_at", "updated_at") VALUES (?, ?, ?, ?, ?)[0m  [["username", "lkj"], ["email", "lkj@gmail.com"], ["password_digest", "$2a$12$Z5xtCemazwUN1qs2eGnHV.aooX4X60VCJ2xHJu31BI3D434fwViKO"], ["created_at", "2021-09-16 12:43:11.015367"], ["updated_at", "2021-09-16 12:43:11.015367"]]
  ↳ app/controllers/users_controller.rb:8:in `create'
  [1m[36mTRANSACTION (8.9ms)[0m  [1m[36mcommit transaction[0m
  ↳ app/controllers/users_controller.rb:8:in `create'
Redirected to http://127.0.0.1:3000/users/2
Completed 302 Found in 224ms (ActiveRecord: 13.3ms | Allocations: 11213)


Started GET "/users/2" for 127.0.0.1 at 2021-09-16 07:43:11 -0500
Processing by UsersController#show as HTML
  Parameters: {"id"=>"2"}
  [1m[36mUser Load (0.2ms)[0m  [1m[34mSELECT "users".* FROM "users" WHERE "users"."id" = ? LIMIT ?[0m  [["id", 2], ["LIMIT", 1]]
  ↳ app/controllers/users_controller.rb:17:in `show'
  Rendering layout layouts/application.html.erb
  Rendering users/show.erb within layouts/application
  Rendered users/show.erb within layouts/application (Duration: 1.0ms | Allocations: 132)
[Webpacker] Everything's up-to-date. Nothing to do
  Rendered layout layouts/application.html.erb (Duration: 15.4ms | Allocations: 3394)
Completed 200 OK in 24ms (Views: 19.6ms | ActiveRecord: 0.2ms | Allocations: 5188)


Started GET "/users/2" for 127.0.0.1 at 2021-09-16 09:41:43 -0500
Processing by UsersController#show as HTML
  Parameters: {"id"=>"2"}
  [1m[35m (0.1ms)[0m  [1m[34mSELECT sqlite_version(*)[0m
  ↳ app/controllers/users_controller.rb:17:in `show'
  [1m[36mUser Load (0.3ms)[0m  [1m[34mSELECT "users".* FROM "users" WHERE "users"."id" = ? LIMIT ?[0m  [["id", 2], ["LIMIT", 1]]
  ↳ app/controllers/users_controller.rb:17:in `show'
  Rendering layout layouts/application.html.erb
  Rendering users/show.erb within layouts/application
  Rendered users/show.erb within layouts/application (Duration: 0.2ms | Allocations: 40)
[Webpacker] Everything's up-to-date. Nothing to do
  Rendered layout layouts/application.html.erb (Duration: 21.4ms | Allocations: 3108)
Completed 200 OK in 31ms (Views: 23.2ms | ActiveRecord: 0.7ms | Allocations: 5170)


Started GET "/users" for 127.0.0.1 at 2021-09-16 09:41:53 -0500
  
AbstractController::ActionNotFound (The action 'index' could not be found for UsersController):
  
actionpack (6.1.4.1) lib/abstract_controller/base.rb:160:in `process'
actionview (6.1.4.1) lib/action_view/rendering.rb:39:in `process'
actionpack (6.1.4.1) lib/action_controller/metal.rb:190:in `dispatch'
actionpack (6.1.4.1) lib/action_controller/metal.rb:254:in `dispatch'
actionpack (6.1.4.1) lib/action_dispatch/routing/route_set.rb:50:in `dispatch'
actionpack (6.1.4.1) lib/action_dispatch/routing/route_set.rb:33:in `serve'
actionpack (6.1.4.1) lib/action_dispatch/journey/router.rb:50:in `block in serve'
actionpack (6.1.4.1) lib/action_dispatch/journey/router.rb:32:in `each'
actionpack (6.1.4.1) lib/action_dispatch/journey/router.rb:32:in `serve'
actionpack (6.1.4.1) lib/action_dispatch/routing/route_set.rb:842:in `call'
rack (2.2.3) lib/rack/tempfile_reaper.rb:15:in `call'
rack (2.2.3) lib/rack/etag.rb:27:in `call'
rack (2.2.3) lib/rack/conditional_get.rb:27:in `call'
rack (2.2.3) lib/rack/head.rb:12:in `call'
actionpack (6.1.4.1) lib/action_dispatch/http/permissions_policy.rb:22:in `call'
actionpack (6.1.4.1) lib/action_dispatch/http/content_security_policy.rb:18:in `call'
rack (2.2.3) lib/rack/session/abstract/id.rb:266:in `context'
rack (2.2.3) lib/rack/session/abstract/id.rb:260:in `call'
actionpack (6.1.4.1) lib/action_dispatch/middleware/cookies.rb:689:in `call'
activerecord (6.1.4.1) lib/active_record/migration.rb:601:in `call'
actionpack (6.1.4.1) lib/action_dispatch/middleware/callbacks.rb:27:in `block in call'
activesupport (6.1.4.1) lib/active_support/callbacks.rb:98:in `run_callbacks'
actionpack (6.1.4.1) lib/action_dispatch/middleware/callbacks.rb:26:in `call'
actionpack (6.1.4.1) lib/action_dispatch/middleware/executor.rb:14:in `call'
actionpack (6.1.4.1) lib/action_dispatch/middleware/actionable_exceptions.rb:18:in `call'
actionpack (6.1.4.1) lib/action_dispatch/middleware/debug_exceptions.rb:29:in `call'
web-console (4.1.0) lib/web_console/middleware.rb:132:in `call_app'
web-console (4.1.0) lib/web_console/middleware.rb:28:in `block in call'
web-console (4.1.0) lib/web_console/middleware.rb:17:in `catch'
web-console (4.1.0) lib/web_console/middleware.rb:17:in `call'
actionpack (6.1.4.1) lib/action_dispatch/middleware/show_exceptions.rb:33:in `call'
railties (6.1.4.1) lib/rails/rack/logger.rb:37:in `call_app'
railties (6.1.4.1) lib/rails/rack/logger.rb:26:in `block in call'
activesupport (6.1.4.1) lib/active_support/tagged_logging.rb:99:in `block in tagged'
activesupport (6.1.4.1) lib/active_support/tagged_logging.rb:37:in `tagged'
activesupport (6.1.4.1) lib/active_support/tagged_logging.rb:99:in `tagged'
railties (6.1.4.1) lib/rails/rack/logger.rb:26:in `call'
sprockets-rails (3.2.2) lib/sprockets/rails/quiet_assets.rb:13:in `call'
actionpack (6.1.4.1) lib/action_dispatch/middleware/remote_ip.rb:81:in `call'
actionpack (6.1.4.1) lib/action_dispatch/middleware/request_id.rb:26:in `call'
rack (2.2.3) lib/rack/method_override.rb:24:in `call'
rack (2.2.3) lib/rack/runtime.rb:22:in `call'
activesupport (6.1.4.1) lib/active_support/cache/strategy/local_cache_middleware.rb:29:in `call'
actionpack (6.1.4.1) lib/action_dispatch/middleware/executor.rb:14:in `call'
actionpack (6.1.4.1) lib/action_dispatch/middleware/static.rb:24:in `call'
rack (2.2.3) lib/rack/sendfile.rb:110:in `call'
actionpack (6.1.4.1) lib/action_dispatch/middleware/host_authorization.rb:98:in `call'
rack-mini-profiler (2.3.3) lib/mini_profiler/profiler.rb:393:in `call'
webpacker (5.4.3) lib/webpacker/dev_server_proxy.rb:25:in `perform_request'
rack-proxy (0.7.0) lib/rack/proxy.rb:63:in `call'
railties (6.1.4.1) lib/rails/engine.rb:539:in `call'
puma (5.4.0) lib/puma/configuration.rb:249:in `call'
puma (5.4.0) lib/puma/request.rb:77:in `block in handle_request'
puma (5.4.0) lib/puma/thread_pool.rb:340:in `with_force_shutdown'
puma (5.4.0) lib/puma/request.rb:76:in `handle_request'
puma (5.4.0) lib/puma/server.rb:440:in `process_client'
puma (5.4.0) lib/puma/thread_pool.rb:147:in `block in spawn_thread'
Started GET "/users" for 127.0.0.1 at 2021-09-16 09:42:00 -0500
  
AbstractController::ActionNotFound (The action 'index' could not be found for UsersController):
  
actionpack (6.1.4.1) lib/abstract_controller/base.rb:160:in `process'
actionview (6.1.4.1) lib/action_view/rendering.rb:39:in `process'
actionpack (6.1.4.1) lib/action_controller/metal.rb:190:in `dispatch'
actionpack (6.1.4.1) lib/action_controller/metal.rb:254:in `dispatch'
actionpack (6.1.4.1) lib/action_dispatch/routing/route_set.rb:50:in `dispatch'
actionpack (6.1.4.1) lib/action_dispatch/routing/route_set.rb:33:in `serve'
actionpack (6.1.4.1) lib/action_dispatch/journey/router.rb:50:in `block in serve'
actionpack (6.1.4.1) lib/action_dispatch/journey/router.rb:32:in `each'
actionpack (6.1.4.1) lib/action_dispatch/journey/router.rb:32:in `serve'
actionpack (6.1.4.1) lib/action_dispatch/routing/route_set.rb:842:in `call'
rack (2.2.3) lib/rack/tempfile_reaper.rb:15:in `call'
rack (2.2.3) lib/rack/etag.rb:27:in `call'
rack (2.2.3) lib/rack/conditional_get.rb:27:in `call'
rack (2.2.3) lib/rack/head.rb:12:in `call'
actionpack (6.1.4.1) lib/action_dispatch/http/permissions_policy.rb:22:in `call'
actionpack (6.1.4.1) lib/action_dispatch/http/content_security_policy.rb:18:in `call'
rack (2.2.3) lib/rack/session/abstract/id.rb:266:in `context'
rack (2.2.3) lib/rack/session/abstract/id.rb:260:in `call'
actionpack (6.1.4.1) lib/action_dispatch/middleware/cookies.rb:689:in `call'
activerecord (6.1.4.1) lib/active_record/migration.rb:601:in `call'
actionpack (6.1.4.1) lib/action_dispatch/middleware/callbacks.rb:27:in `block in call'
activesupport (6.1.4.1) lib/active_support/callbacks.rb:98:in `run_callbacks'
actionpack (6.1.4.1) lib/action_dispatch/middleware/callbacks.rb:26:in `call'
actionpack (6.1.4.1) lib/action_dispatch/middleware/executor.rb:14:in `call'
actionpack (6.1.4.1) lib/action_dispatch/middleware/actionable_exceptions.rb:18:in `call'
actionpack (6.1.4.1) lib/action_dispatch/middleware/debug_exceptions.rb:29:in `call'
web-console (4.1.0) lib/web_console/middleware.rb:132:in `call_app'
web-console (4.1.0) lib/web_console/middleware.rb:28:in `block in call'
web-console (4.1.0) lib/web_console/middleware.rb:17:in `catch'
web-console (4.1.0) lib/web_console/middleware.rb:17:in `call'
actionpack (6.1.4.1) lib/action_dispatch/middleware/show_exceptions.rb:33:in `call'
railties (6.1.4.1) lib/rails/rack/logger.rb:37:in `call_app'
railties (6.1.4.1) lib/rails/rack/logger.rb:26:in `block in call'
activesupport (6.1.4.1) lib/active_support/tagged_logging.rb:99:in `block in tagged'
activesupport (6.1.4.1) lib/active_support/tagged_logging.rb:37:in `tagged'
activesupport (6.1.4.1) lib/active_support/tagged_logging.rb:99:in `tagged'
railties (6.1.4.1) lib/rails/rack/logger.rb:26:in `call'
sprockets-rails (3.2.2) lib/sprockets/rails/quiet_assets.rb:13:in `call'
actionpack (6.1.4.1) lib/action_dispatch/middleware/remote_ip.rb:81:in `call'
actionpack (6.1.4.1) lib/action_dispatch/middleware/request_id.rb:26:in `call'
rack (2.2.3) lib/rack/method_override.rb:24:in `call'
rack (2.2.3) lib/rack/runtime.rb:22:in `call'
activesupport (6.1.4.1) lib/active_support/cache/strategy/local_cache_middleware.rb:29:in `call'
actionpack (6.1.4.1) lib/action_dispatch/middleware/executor.rb:14:in `call'
actionpack (6.1.4.1) lib/action_dispatch/middleware/static.rb:24:in `call'
rack (2.2.3) lib/rack/sendfile.rb:110:in `call'
actionpack (6.1.4.1) lib/action_dispatch/middleware/host_authorization.rb:98:in `call'
rack-mini-profiler (2.3.3) lib/mini_profiler/profiler.rb:393:in `call'
webpacker (5.4.3) lib/webpacker/dev_server_proxy.rb:25:in `perform_request'
rack-proxy (0.7.0) lib/rack/proxy.rb:63:in `call'
railties (6.1.4.1) lib/rails/engine.rb:539:in `call'
puma (5.4.0) lib/puma/configuration.rb:249:in `call'
puma (5.4.0) lib/puma/request.rb:77:in `block in handle_request'
puma (5.4.0) lib/puma/thread_pool.rb:340:in `with_force_shutdown'
puma (5.4.0) lib/puma/request.rb:76:in `handle_request'
puma (5.4.0) lib/puma/server.rb:440:in `process_client'
puma (5.4.0) lib/puma/thread_pool.rb:147:in `block in spawn_thread'
Started GET "/users/new" for 127.0.0.1 at 2021-09-16 09:42:04 -0500
Processing by UsersController#new as HTML
  Rendering layout layouts/application.html.erb
  Rendering users/new.erb within layouts/application
  Rendered users/new.erb within layouts/application (Duration: 26.4ms | Allocations: 1014)
[Webpacker] Everything's up-to-date. Nothing to do
  Rendered layout layouts/application.html.erb (Duration: 114.9ms | Allocations: 5837)
Completed 200 OK in 118ms (Views: 116.7ms | ActiveRecord: 0.0ms | Allocations: 6355)


Started GET "/users/new" for 127.0.0.1 at 2021-09-16 09:42:41 -0500
Processing by UsersController#new as HTML
  Rendering layout layouts/application.html.erb
  Rendering users/new.erb within layouts/application
  Rendered users/new.erb within layouts/application (Duration: 1.7ms | Allocations: 1291)
[Webpacker] Everything's up-to-date. Nothing to do
  Rendered layout layouts/application.html.erb (Duration: 28.1ms | Allocations: 7588)
Completed 200 OK in 37ms (Views: 34.8ms | ActiveRecord: 0.0ms | Allocations: 12011)


Started GET "/users/new" for 127.0.0.1 at 2021-09-16 09:43:33 -0500
Processing by UsersController#new as HTML
  Rendering layout layouts/application.html.erb
  Rendering users/new.erb within layouts/application
  Rendered users/new.erb within layouts/application (Duration: 20.4ms | Allocations: 4234)
  Rendered layout layouts/application.html.erb (Duration: 22.1ms | Allocations: 4304)
Completed 500 Internal Server Error in 27ms (ActiveRecord: 0.0ms | Allocations: 5412)


  
ActionView::Template::Error (undefined local variable or method `new_session_path' for #<ActionView::Base:0x007f036cbcc340>
Did you mean?  new_user_path):
    11:     <%= f.password_field :password %> <br>
    12:  
    13:     <%= f.submit "Submit" %> <br>
    14:     <%= link_to "Already have an accout", new_session_path %> <br>
    15:  
    16:  <% end %>
  
app/views/users/new.erb:14
app/views/users/new.erb:3
Started GET "/users/new" for 127.0.0.1 at 2021-09-16 09:48:14 -0500
Processing by UsersController#new as HTML
  [1m[35m (0.1ms)[0m  [1m[34mSELECT sqlite_version(*)[0m
  ↳ app/controllers/users_controller.rb:3:in `new'
  Rendering layout layouts/application.html.erb
  Rendering users/new.erb within layouts/application
  Rendered users/new.erb within layouts/application (Duration: 1.3ms | Allocations: 805)
[Webpacker] Everything's up-to-date. Nothing to do
  Rendered layout layouts/application.html.erb (Duration: 18.5ms | Allocations: 4058)
Completed 200 OK in 47ms (Views: 21.0ms | ActiveRecord: 0.3ms | Allocations: 8526)


Started GET "/sessions/new" for 127.0.0.1 at 2021-09-16 09:48:17 -0500
Processing by SessionsController#new as HTML
  Rendering layout layouts/application.html.erb
  Rendering sessions/new.erb within layouts/application
  Rendered sessions/new.erb within layouts/application (Duration: 19.6ms | Allocations: 3542)
  Rendered layout layouts/application.html.erb (Duration: 21.0ms | Allocations: 3612)
Completed 500 Internal Server Error in 26ms (ActiveRecord: 0.0ms | Allocations: 4544)


  
ActionView::Template::Error (undefined method `username_field_tag' for #<ActionView::Base:0x007f036cd4eba0>
Did you mean?  number_field_tag):
     5:    <%= email_field_tag :email %> <br> 
     6: 
     7:    <%= label_tag :username %> 
     8:    <%= username_field_tag :username %> <br> 
     9: 
    10:    <%= label_tag :password %> 
    11:    <%= password_field_tag :password %> <br>
  
app/views/sessions/new.erb:8
app/views/sessions/new.erb:3
Started GET "/sessions/new" for 127.0.0.1 at 2021-09-16 09:48:54 -0500
Processing by SessionsController#new as HTML
  Rendering layout layouts/application.html.erb
  Rendering sessions/new.erb within layouts/application
  Rendered sessions/new.erb within layouts/application (Duration: 11.8ms | Allocations: 3309)
  Rendered layout layouts/application.html.erb (Duration: 13.7ms | Allocations: 3379)
Completed 500 Internal Server Error in 17ms (ActiveRecord: 0.0ms | Allocations: 3734)


  
ActionView::Template::Error (undefined method `username_field_tag' for #<ActionView::Base:0x007f0380886d98>
Did you mean?  number_field_tag):
     5:    <%= email_field_tag :email %> <br> 
     6: 
     7:    <%= label_tag :username %> 
     8:    <%= name_field_tag :username %> <br> 
     9: 
    10:    <%= label_tag :password %> 
    11:    <%= password_field_tag :password %> <br>
  
app/views/sessions/new.erb:8
app/views/sessions/new.erb:3
